[2014-03-18 19:59:28] request.ERROR: Uncaught PHP Exception Symfony\Component\HttpKernel\Exception\NotFoundHttpException: "No route found for "GET /error"" at C:\Users\Ignacio\PhpstormProjects\Flowly\app\cache\prod\classes.php line 1877 {"exception":"[object] (Symfony\\Component\\HttpKernel\\Exception\\NotFoundHttpException: No route found for \"GET /error\" at C:\\Users\\Ignacio\\PhpstormProjects\\Flowly\\app\\cache\\prod\\classes.php:1877, Symfony\\Component\\Routing\\Exception\\ResourceNotFoundException:  at C:\\Users\\Ignacio\\PhpstormProjects\\Flowly\\app\\cache\\prod\\appProdUrlMatcher.php:68)"} []
[2014-03-18 20:00:00] request.ERROR: Uncaught PHP Exception Symfony\Component\HttpKernel\Exception\NotFoundHttpException: "No route found for "GET /nono"" at C:\Users\Ignacio\PhpstormProjects\Flowly\app\cache\prod\classes.php line 1877 {"exception":"[object] (Symfony\\Component\\HttpKernel\\Exception\\NotFoundHttpException: No route found for \"GET /nono\" at C:\\Users\\Ignacio\\PhpstormProjects\\Flowly\\app\\cache\\prod\\classes.php:1877, Symfony\\Component\\Routing\\Exception\\ResourceNotFoundException:  at C:\\Users\\Ignacio\\PhpstormProjects\\Flowly\\app\\cache\\prod\\appProdUrlMatcher.php:68)"} []
[2014-03-18 20:00:25] request.ERROR: Uncaught PHP Exception Symfony\Component\HttpKernel\Exception\NotFoundHttpException: "No route found for "GET /nono"" at C:\Users\Ignacio\PhpstormProjects\Flowly\app\cache\prod\classes.php line 1877 {"exception":"[object] (Symfony\\Component\\HttpKernel\\Exception\\NotFoundHttpException: No route found for \"GET /nono\" at C:\\Users\\Ignacio\\PhpstormProjects\\Flowly\\app\\cache\\prod\\classes.php:1877, Symfony\\Component\\Routing\\Exception\\ResourceNotFoundException:  at C:\\Users\\Ignacio\\PhpstormProjects\\Flowly\\app\\cache\\prod\\appProdUrlMatcher.php:68)"} []
[2014-03-18 20:01:47] request.ERROR: Uncaught PHP Exception Symfony\Component\HttpKernel\Exception\NotFoundHttpException: "No route found for "GET /noname"" at C:\Users\Ignacio\PhpstormProjects\Flowly\app\cache\prod\classes.php line 1877 {"exception":"[object] (Symfony\\Component\\HttpKernel\\Exception\\NotFoundHttpException: No route found for \"GET /noname\" at C:\\Users\\Ignacio\\PhpstormProjects\\Flowly\\app\\cache\\prod\\classes.php:1877, Symfony\\Component\\Routing\\Exception\\ResourceNotFoundException:  at C:\\Users\\Ignacio\\PhpstormProjects\\Flowly\\app\\cache\\prod\\appProdUrlMatcher.php:68)"} []
[2014-03-18 20:03:19] request.ERROR: Uncaught PHP Exception Symfony\Component\HttpKernel\Exception\NotFoundHttpException: "No route found for "GET /nono"" at C:\Users\Ignacio\PhpstormProjects\Flowly\app\cache\prod\classes.php line 1877 {"exception":"[object] (Symfony\\Component\\HttpKernel\\Exception\\NotFoundHttpException: No route found for \"GET /nono\" at C:\\Users\\Ignacio\\PhpstormProjects\\Flowly\\app\\cache\\prod\\classes.php:1877, Symfony\\Component\\Routing\\Exception\\ResourceNotFoundException:  at C:\\Users\\Ignacio\\PhpstormProjects\\Flowly\\app\\cache\\prod\\appProdUrlMatcher.php:68)"} []
[2014-03-18 20:03:45] request.ERROR: Uncaught PHP Exception Symfony\Component\HttpKernel\Exception\NotFoundHttpException: "No route found for "GET /nono"" at C:\Users\Ignacio\PhpstormProjects\Flowly\app\cache\prod\classes.php line 1877 {"exception":"[object] (Symfony\\Component\\HttpKernel\\Exception\\NotFoundHttpException: No route found for \"GET /nono\" at C:\\Users\\Ignacio\\PhpstormProjects\\Flowly\\app\\cache\\prod\\classes.php:1877, Symfony\\Component\\Routing\\Exception\\ResourceNotFoundException:  at C:\\Users\\Ignacio\\PhpstormProjects\\Flowly\\app\\cache\\prod\\appProdUrlMatcher.php:68)"} []
[2014-03-18 20:11:40] request.ERROR: Uncaught PHP Exception Symfony\Component\HttpKernel\Exception\NotFoundHttpException: "No route found for "GET /nono"" at C:\Users\Ignacio\PhpstormProjects\Flowly\vendor\symfony\symfony\src\Symfony\Component\HttpKernel\EventListener\RouterListener.php line 116 {"exception":"[object] (Symfony\\Component\\HttpKernel\\Exception\\NotFoundHttpException: No route found for \"GET /nono\" at C:\\Users\\Ignacio\\PhpstormProjects\\Flowly\\vendor\\symfony\\symfony\\src\\Symfony\\Component\\HttpKernel\\EventListener\\RouterListener.php:116, Symfony\\Component\\Routing\\Exception\\ResourceNotFoundException:  at C:\\Users\\Ignacio\\PhpstormProjects\\Flowly\\app\\cache\\prod\\appProdUrlMatcher.php:68)"} []
[2014-03-18 20:13:52] request.ERROR: Uncaught PHP Exception Symfony\Component\HttpKernel\Exception\NotFoundHttpException: "No route found for "GET /nono"" at C:\Users\Ignacio\PhpstormProjects\Flowly\app\cache\prod\classes.php line 1877 {"exception":"[object] (Symfony\\Component\\HttpKernel\\Exception\\NotFoundHttpException: No route found for \"GET /nono\" at C:\\Users\\Ignacio\\PhpstormProjects\\Flowly\\app\\cache\\prod\\classes.php:1877, Symfony\\Component\\Routing\\Exception\\ResourceNotFoundException:  at C:\\Users\\Ignacio\\PhpstormProjects\\Flowly\\app\\cache\\prod\\appProdUrlMatcher.php:68)"} []
[2014-03-18 20:13:53] request.ERROR: Uncaught PHP Exception Symfony\Component\HttpKernel\Exception\NotFoundHttpException: "No route found for "GET /nono"" at C:\Users\Ignacio\PhpstormProjects\Flowly\app\cache\prod\classes.php line 1877 {"exception":"[object] (Symfony\\Component\\HttpKernel\\Exception\\NotFoundHttpException: No route found for \"GET /nono\" at C:\\Users\\Ignacio\\PhpstormProjects\\Flowly\\app\\cache\\prod\\classes.php:1877, Symfony\\Component\\Routing\\Exception\\ResourceNotFoundException:  at C:\\Users\\Ignacio\\PhpstormProjects\\Flowly\\app\\cache\\prod\\appProdUrlMatcher.php:68)"} []
[2014-03-20 02:03:28] request.INFO: Matched route "login_check" (parameters: "_route": "login_check") [] []
[2014-03-20 02:03:28] security.INFO: Populated SecurityContext with an anonymous Token [] []
[2014-03-20 02:03:28] request.WARNING: Unable to look for the controller as the "_controller" parameter is missing [] []
[2014-03-20 02:03:28] request.ERROR: Uncaught PHP Exception Symfony\Component\HttpKernel\Exception\NotFoundHttpException: "Unable to find the controller for path "/login_check". Maybe you forgot to add the matching route in your routing configuration?" at C:\Users\Ignacio\PhpstormProjects\Flowly\app\bootstrap.php.cache line 2835 {"exception":"[object] (Symfony\\Component\\HttpKernel\\Exception\\NotFoundHttpException: Unable to find the controller for path \"/login_check\". Maybe you forgot to add the matching route in your routing configuration? at C:\\Users\\Ignacio\\PhpstormProjects\\Flowly\\app\\bootstrap.php.cache:2835)"} []
[2014-03-20 02:03:28] security.DEBUG: Write SecurityContext in the session [] []
[2014-03-20 02:03:45] request.INFO: Matched route "login_check" (parameters: "_route": "login_check") [] []
[2014-03-20 02:03:45] security.DEBUG: Read SecurityContext from the session [] []
[2014-03-20 02:03:45] security.DEBUG: Reloading user from user provider. [] []
[2014-03-20 02:03:45] security.DEBUG: Username "admin" was reloaded from user provider. [] []
[2014-03-20 02:03:45] request.WARNING: Unable to look for the controller as the "_controller" parameter is missing [] []
[2014-03-20 02:03:45] request.ERROR: Uncaught PHP Exception Symfony\Component\HttpKernel\Exception\NotFoundHttpException: "Unable to find the controller for path "/login_check". Maybe you forgot to add the matching route in your routing configuration?" at C:\Users\Ignacio\PhpstormProjects\Flowly\app\bootstrap.php.cache line 2835 {"exception":"[object] (Symfony\\Component\\HttpKernel\\Exception\\NotFoundHttpException: Unable to find the controller for path \"/login_check\". Maybe you forgot to add the matching route in your routing configuration? at C:\\Users\\Ignacio\\PhpstormProjects\\Flowly\\app\\bootstrap.php.cache:2835)"} []
[2014-03-20 02:03:45] security.DEBUG: Write SecurityContext in the session [] []
[2014-03-25 04:55:25] request.INFO: Matched route "atekia_flowly_admin_edituser" (parameters: "_controller": "Atekia\FlowlyBundle\Controller\SecurityController::edituserAction", "user": "1", "_route": "atekia_flowly_admin_edituser") [] []
[2014-03-25 04:55:25] security.DEBUG: Read SecurityContext from the session [] []
[2014-03-25 04:55:25] security.DEBUG: Reloading user from user provider. [] []
[2014-03-25 04:55:25] security.DEBUG: Username "admin" was reloaded from user provider. [] []
[2014-03-25 04:55:25] request.ERROR: Uncaught PHP Exception Symfony\Component\HttpKernel\Exception\NotFoundHttpException: "Not Found" at /Users/ncabrerizo/PhpstormProjects/Flowly/vendor/symfony/symfony/src/Symfony/Bundle/FrameworkBundle/Controller/Controller.php line 149 {"exception":"[object] (Symfony\\Component\\HttpKernel\\Exception\\NotFoundHttpException: Not Found at /Users/ncabrerizo/PhpstormProjects/Flowly/vendor/symfony/symfony/src/Symfony/Bundle/FrameworkBundle/Controller/Controller.php:149)"} []
[2014-03-25 04:55:25] security.DEBUG: Write SecurityContext in the session [] []
[2014-03-25 04:57:40] request.INFO: Matched route "atekia_flowly_admin_edituser" (parameters: "_controller": "Atekia\FlowlyBundle\Controller\SecurityController::edituserAction", "user": "1", "_route": "atekia_flowly_admin_edituser") [] []
[2014-03-25 04:57:40] security.DEBUG: Read SecurityContext from the session [] []
[2014-03-25 04:57:40] security.DEBUG: Reloading user from user provider. [] []
[2014-03-25 04:57:40] security.DEBUG: Username "admin" was reloaded from user provider. [] []
[2014-03-25 04:57:40] request.ERROR: Uncaught PHP Exception Symfony\Component\HttpKernel\Exception\NotFoundHttpException: "Not Found" at /Users/ncabrerizo/PhpstormProjects/Flowly/vendor/symfony/symfony/src/Symfony/Bundle/FrameworkBundle/Controller/Controller.php line 149 {"exception":"[object] (Symfony\\Component\\HttpKernel\\Exception\\NotFoundHttpException: Not Found at /Users/ncabrerizo/PhpstormProjects/Flowly/vendor/symfony/symfony/src/Symfony/Bundle/FrameworkBundle/Controller/Controller.php:149)"} []
[2014-03-25 04:57:40] security.DEBUG: Write SecurityContext in the session [] []
[2014-03-25 05:02:05] request.INFO: Matched route "atekia_flowly_admin_edituser" (parameters: "_controller": "Atekia\FlowlyBundle\Controller\SecurityController::edituserAction", "user": "2", "_route": "atekia_flowly_admin_edituser") [] []
[2014-03-25 05:02:05] security.DEBUG: Read SecurityContext from the session [] []
[2014-03-25 05:02:05] security.DEBUG: Reloading user from user provider. [] []
[2014-03-25 05:02:05] security.DEBUG: Username "admin" was reloaded from user provider. [] []
[2014-03-25 05:02:05] request.ERROR: Uncaught PHP Exception Symfony\Component\HttpKernel\Exception\NotFoundHttpException: "Not Found" at /Users/ncabrerizo/PhpstormProjects/Flowly/vendor/symfony/symfony/src/Symfony/Bundle/FrameworkBundle/Controller/Controller.php line 149 {"exception":"[object] (Symfony\\Component\\HttpKernel\\Exception\\NotFoundHttpException: Not Found at /Users/ncabrerizo/PhpstormProjects/Flowly/vendor/symfony/symfony/src/Symfony/Bundle/FrameworkBundle/Controller/Controller.php:149)"} []
[2014-03-25 05:02:05] security.DEBUG: Write SecurityContext in the session [] []
